[1.084s] Invoking command in '/home/w1dow/inferno/software/task1/ros_ws2/src/controller': PYTHONPATH=/home/w1dow/inferno/software/task1/ros_ws2/build/controller/prefix_override:/usr/lib/python3/dist-packages/colcon_core/task/python/colcon_distutils_commands:/home/w1dow/inferno/software/task1/ros_ws2/install/controller/lib/python3.10/site-packages:${PYTHONPATH} /usr/bin/python3 -W ignore:setup.py install is deprecated -W ignore:easy_install command is deprecated setup.py egg_info --egg-base ../../build/controller build --build-base /home/w1dow/inferno/software/task1/ros_ws2/build/controller/build install --record /home/w1dow/inferno/software/task1/ros_ws2/build/controller/install.log --single-version-externally-managed install_data
[1.445s] running egg_info
[1.445s] writing ../../build/controller/controller.egg-info/PKG-INFO
[1.446s] writing dependency_links to ../../build/controller/controller.egg-info/dependency_links.txt
[1.447s] writing entry points to ../../build/controller/controller.egg-info/entry_points.txt
[1.447s] writing requirements to ../../build/controller/controller.egg-info/requires.txt
[1.448s] writing top-level names to ../../build/controller/controller.egg-info/top_level.txt
[1.450s] reading manifest file '../../build/controller/controller.egg-info/SOURCES.txt'
[1.451s] writing manifest file '../../build/controller/controller.egg-info/SOURCES.txt'
[1.452s] running build
[1.453s] running build_py
[1.453s] running install
[1.453s] running install_lib
[1.456s] running install_data
[1.456s] running install_egg_info
[1.459s] removing '/home/w1dow/inferno/software/task1/ros_ws2/install/controller/lib/python3.10/site-packages/controller-0.0.0-py3.10.egg-info' (and everything under it)
[1.459s] Copying ../../build/controller/controller.egg-info to /home/w1dow/inferno/software/task1/ros_ws2/install/controller/lib/python3.10/site-packages/controller-0.0.0-py3.10.egg-info
[1.460s] running install_scripts
[1.492s] Installing test_node script to /home/w1dow/inferno/software/task1/ros_ws2/install/controller/lib/controller
[1.492s] writing list of installed files to '/home/w1dow/inferno/software/task1/ros_ws2/build/controller/install.log'
[1.519s] Invoked command in '/home/w1dow/inferno/software/task1/ros_ws2/src/controller' returned '0': PYTHONPATH=/home/w1dow/inferno/software/task1/ros_ws2/build/controller/prefix_override:/usr/lib/python3/dist-packages/colcon_core/task/python/colcon_distutils_commands:/home/w1dow/inferno/software/task1/ros_ws2/install/controller/lib/python3.10/site-packages:${PYTHONPATH} /usr/bin/python3 -W ignore:setup.py install is deprecated -W ignore:easy_install command is deprecated setup.py egg_info --egg-base ../../build/controller build --build-base /home/w1dow/inferno/software/task1/ros_ws2/build/controller/build install --record /home/w1dow/inferno/software/task1/ros_ws2/build/controller/install.log --single-version-externally-managed install_data
