[1.557s] Invoking command in '/home/w1dow/inferno/software/task1/ros_ws2/src/controller': PYTHONPATH=/home/w1dow/inferno/software/task1/ros_ws2/build/controller/prefix_override:/usr/lib/python3/dist-packages/colcon_core/task/python/colcon_distutils_commands:/home/w1dow/inferno/software/task1/ros_ws2/install/controller/lib/python3.10/site-packages:${PYTHONPATH} /usr/bin/python3 -W ignore:setup.py install is deprecated -W ignore:easy_install command is deprecated setup.py egg_info --egg-base ../../build/controller build --build-base /home/w1dow/inferno/software/task1/ros_ws2/build/controller/build install --record /home/w1dow/inferno/software/task1/ros_ws2/build/controller/install.log --single-version-externally-managed install_data
[2.008s] running egg_info
[2.009s] writing ../../build/controller/controller.egg-info/PKG-INFO
[2.011s] writing dependency_links to ../../build/controller/controller.egg-info/dependency_links.txt
[2.011s] writing entry points to ../../build/controller/controller.egg-info/entry_points.txt
[2.012s] writing requirements to ../../build/controller/controller.egg-info/requires.txt
[2.012s] writing top-level names to ../../build/controller/controller.egg-info/top_level.txt
[2.014s] reading manifest file '../../build/controller/controller.egg-info/SOURCES.txt'
[2.018s] writing manifest file '../../build/controller/controller.egg-info/SOURCES.txt'
[2.020s] running build
[2.020s] running build_py
[2.020s] copying controller/first_node.py -> /home/w1dow/inferno/software/task1/ros_ws2/build/controller/build/lib/controller
[2.020s] running install
[2.020s] running install_lib
[2.022s] copying /home/w1dow/inferno/software/task1/ros_ws2/build/controller/build/lib/controller/first_node.py -> /home/w1dow/inferno/software/task1/ros_ws2/install/controller/lib/python3.10/site-packages/controller
[2.022s] byte-compiling /home/w1dow/inferno/software/task1/ros_ws2/install/controller/lib/python3.10/site-packages/controller/first_node.py to first_node.cpython-310.pyc
[2.022s] running install_data
[2.022s] running install_egg_info
[2.026s] removing '/home/w1dow/inferno/software/task1/ros_ws2/install/controller/lib/python3.10/site-packages/controller-0.0.0-py3.10.egg-info' (and everything under it)
[2.027s] Copying ../../build/controller/controller.egg-info to /home/w1dow/inferno/software/task1/ros_ws2/install/controller/lib/python3.10/site-packages/controller-0.0.0-py3.10.egg-info
[2.030s] running install_scripts
[2.063s] Installing test_node script to /home/w1dow/inferno/software/task1/ros_ws2/install/controller/lib/controller
[2.064s] writing list of installed files to '/home/w1dow/inferno/software/task1/ros_ws2/build/controller/install.log'
[2.103s] Invoked command in '/home/w1dow/inferno/software/task1/ros_ws2/src/controller' returned '0': PYTHONPATH=/home/w1dow/inferno/software/task1/ros_ws2/build/controller/prefix_override:/usr/lib/python3/dist-packages/colcon_core/task/python/colcon_distutils_commands:/home/w1dow/inferno/software/task1/ros_ws2/install/controller/lib/python3.10/site-packages:${PYTHONPATH} /usr/bin/python3 -W ignore:setup.py install is deprecated -W ignore:easy_install command is deprecated setup.py egg_info --egg-base ../../build/controller build --build-base /home/w1dow/inferno/software/task1/ros_ws2/build/controller/build install --record /home/w1dow/inferno/software/task1/ros_ws2/build/controller/install.log --single-version-externally-managed install_data
