[2.650s] Invoking command in '/home/w1dow/inferno/software/task1/ros_ws2/src/controller': PYTHONPATH=/home/w1dow/inferno/software/task1/ros_ws2/build/controller/prefix_override:/usr/lib/python3/dist-packages/colcon_core/task/python/colcon_distutils_commands:/home/w1dow/inferno/software/task1/ros_ws2/install/controller/lib/python3.10/site-packages:${PYTHONPATH} /usr/bin/python3 -W ignore:setup.py install is deprecated -W ignore:easy_install command is deprecated setup.py egg_info --egg-base ../../build/controller build --build-base /home/w1dow/inferno/software/task1/ros_ws2/build/controller/build install --record /home/w1dow/inferno/software/task1/ros_ws2/build/controller/install.log --single-version-externally-managed install_data
[3.659s] running egg_info
[3.661s] creating ../../build/controller/controller.egg-info
[3.662s] writing ../../build/controller/controller.egg-info/PKG-INFO
[3.662s] writing dependency_links to ../../build/controller/controller.egg-info/dependency_links.txt
[3.663s] writing entry points to ../../build/controller/controller.egg-info/entry_points.txt
[3.664s] writing requirements to ../../build/controller/controller.egg-info/requires.txt
[3.664s] writing top-level names to ../../build/controller/controller.egg-info/top_level.txt
[3.664s] writing manifest file '../../build/controller/controller.egg-info/SOURCES.txt'
[3.666s] reading manifest file '../../build/controller/controller.egg-info/SOURCES.txt'
[3.669s] writing manifest file '../../build/controller/controller.egg-info/SOURCES.txt'
[3.672s] running build
[3.673s] running build_py
[3.673s] creating /home/w1dow/inferno/software/task1/ros_ws2/build/controller/build
[3.674s] creating /home/w1dow/inferno/software/task1/ros_ws2/build/controller/build/lib
[3.680s] creating /home/w1dow/inferno/software/task1/ros_ws2/build/controller/build/lib/controller
[3.681s] copying controller/__init__.py -> /home/w1dow/inferno/software/task1/ros_ws2/build/controller/build/lib/controller
[3.682s] running install
[3.683s] running install_lib
[3.685s] creating /home/w1dow/inferno/software/task1/ros_ws2/install/controller/lib/python3.10/site-packages/controller
[3.687s] copying /home/w1dow/inferno/software/task1/ros_ws2/build/controller/build/lib/controller/__init__.py -> /home/w1dow/inferno/software/task1/ros_ws2/install/controller/lib/python3.10/site-packages/controller
[3.689s] byte-compiling /home/w1dow/inferno/software/task1/ros_ws2/install/controller/lib/python3.10/site-packages/controller/__init__.py to __init__.cpython-310.pyc
[3.689s] running install_data
[3.690s] creating /home/w1dow/inferno/software/task1/ros_ws2/install/controller/share/ament_index
[3.690s] creating /home/w1dow/inferno/software/task1/ros_ws2/install/controller/share/ament_index/resource_index
[3.690s] creating /home/w1dow/inferno/software/task1/ros_ws2/install/controller/share/ament_index/resource_index/packages
[3.693s] copying resource/controller -> /home/w1dow/inferno/software/task1/ros_ws2/install/controller/share/ament_index/resource_index/packages
[3.693s] copying package.xml -> /home/w1dow/inferno/software/task1/ros_ws2/install/controller/share/controller
[3.694s] running install_egg_info
[3.696s] Copying ../../build/controller/controller.egg-info to /home/w1dow/inferno/software/task1/ros_ws2/install/controller/lib/python3.10/site-packages/controller-0.0.0-py3.10.egg-info
[3.701s] running install_scripts
[3.775s] writing list of installed files to '/home/w1dow/inferno/software/task1/ros_ws2/build/controller/install.log'
[3.825s] Invoked command in '/home/w1dow/inferno/software/task1/ros_ws2/src/controller' returned '0': PYTHONPATH=/home/w1dow/inferno/software/task1/ros_ws2/build/controller/prefix_override:/usr/lib/python3/dist-packages/colcon_core/task/python/colcon_distutils_commands:/home/w1dow/inferno/software/task1/ros_ws2/install/controller/lib/python3.10/site-packages:${PYTHONPATH} /usr/bin/python3 -W ignore:setup.py install is deprecated -W ignore:easy_install command is deprecated setup.py egg_info --egg-base ../../build/controller build --build-base /home/w1dow/inferno/software/task1/ros_ws2/build/controller/build install --record /home/w1dow/inferno/software/task1/ros_ws2/build/controller/install.log --single-version-externally-managed install_data
