[0.431s] DEBUG:colcon:Command line arguments: ['/usr/bin/colcon', 'build']
[0.431s] DEBUG:colcon:Parsed command line arguments: Namespace(log_base=None, log_level=None, verb_name='build', build_base='build', install_base='install', merge_install=False, symlink_install=False, test_result_base=None, continue_on_error=False, executor='parallel', parallel_workers=4, event_handlers=None, ignore_user_meta=False, metas=['./colcon.meta'], base_paths=['.'], packages_ignore=None, packages_ignore_regex=None, paths=None, packages_up_to=None, packages_up_to_regex=None, packages_above=None, packages_above_and_dependencies=None, packages_above_depth=None, packages_select_by_dep=None, packages_skip_by_dep=None, packages_skip_up_to=None, packages_select_build_failed=False, packages_skip_build_finished=False, packages_select_test_failures=False, packages_skip_test_passed=False, packages_select=None, packages_skip=None, packages_select_regex=None, packages_skip_regex=None, packages_start=None, packages_end=None, allow_overriding=[], cmake_args=None, cmake_target=None, cmake_target_skip_unavailable=False, cmake_clean_cache=False, cmake_clean_first=False, cmake_force_configure=False, ament_cmake_args=None, catkin_cmake_args=None, catkin_skip_building_tests=False, verb_parser=<colcon_defaults.argument_parser.defaults.DefaultArgumentsDecorator object at 0x7dc09de5ec50>, verb_extension=<colcon_core.verb.build.BuildVerb object at 0x7dc09df9c040>, main=<bound method BuildVerb.main of <colcon_core.verb.build.BuildVerb object at 0x7dc09df9c040>>)
[1.082s] Level 1:colcon.colcon_core.package_discovery:discover_packages(colcon_meta) check parameters
[1.082s] Level 1:colcon.colcon_core.package_discovery:discover_packages(recursive) check parameters
[1.082s] Level 1:colcon.colcon_core.package_discovery:discover_packages(ignore) check parameters
[1.082s] Level 1:colcon.colcon_core.package_discovery:discover_packages(path) check parameters
[1.082s] Level 1:colcon.colcon_core.package_discovery:discover_packages(colcon_meta) discover
[1.083s] Level 1:colcon.colcon_core.package_discovery:discover_packages(recursive) discover
[1.083s] INFO:colcon.colcon_core.package_discovery:Crawling recursively for packages in '/home/w1dow/inferno/software/task1/ros_ws2'
[1.083s] Level 1:colcon.colcon_core.package_identification:_identify(.) by extensions ['ignore', 'ignore_ament_install']
[1.084s] Level 1:colcon.colcon_core.package_identification:_identify(.) by extension 'ignore'
[1.085s] Level 1:colcon.colcon_core.package_identification:_identify(.) by extension 'ignore_ament_install'
[1.085s] Level 1:colcon.colcon_core.package_identification:_identify(.) by extensions ['colcon_pkg']
[1.085s] Level 1:colcon.colcon_core.package_identification:_identify(.) by extension 'colcon_pkg'
[1.085s] Level 1:colcon.colcon_core.package_identification:_identify(.) by extensions ['colcon_meta']
[1.085s] Level 1:colcon.colcon_core.package_identification:_identify(.) by extension 'colcon_meta'
[1.085s] Level 1:colcon.colcon_core.package_identification:_identify(.) by extensions ['ros']
[1.085s] Level 1:colcon.colcon_core.package_identification:_identify(.) by extension 'ros'
[1.128s] Level 1:colcon.colcon_core.package_identification:_identify(.) by extensions ['cmake', 'python']
[1.128s] Level 1:colcon.colcon_core.package_identification:_identify(.) by extension 'cmake'
[1.129s] Level 1:colcon.colcon_core.package_identification:_identify(.) by extension 'python'
[1.129s] Level 1:colcon.colcon_core.package_identification:_identify(.) by extensions ['python_setup_py']
[1.129s] Level 1:colcon.colcon_core.package_identification:_identify(.) by extension 'python_setup_py'
[1.129s] Level 1:colcon.colcon_core.package_identification:_identify(build) by extensions ['ignore', 'ignore_ament_install']
[1.129s] Level 1:colcon.colcon_core.package_identification:_identify(build) by extension 'ignore'
[1.130s] Level 1:colcon.colcon_core.package_identification:_identify(build) ignored
[1.130s] Level 1:colcon.colcon_core.package_identification:_identify(install) by extensions ['ignore', 'ignore_ament_install']
[1.130s] Level 1:colcon.colcon_core.package_identification:_identify(install) by extension 'ignore'
[1.131s] Level 1:colcon.colcon_core.package_identification:_identify(install) ignored
[1.131s] Level 1:colcon.colcon_core.package_identification:_identify(log) by extensions ['ignore', 'ignore_ament_install']
[1.131s] Level 1:colcon.colcon_core.package_identification:_identify(log) by extension 'ignore'
[1.131s] Level 1:colcon.colcon_core.package_identification:_identify(log) ignored
[1.131s] Level 1:colcon.colcon_core.package_identification:_identify(src) by extensions ['ignore', 'ignore_ament_install']
[1.132s] Level 1:colcon.colcon_core.package_identification:_identify(src) by extension 'ignore'
[1.132s] Level 1:colcon.colcon_core.package_identification:_identify(src) by extension 'ignore_ament_install'
[1.132s] Level 1:colcon.colcon_core.package_identification:_identify(src) by extensions ['colcon_pkg']
[1.133s] Level 1:colcon.colcon_core.package_identification:_identify(src) by extension 'colcon_pkg'
[1.133s] Level 1:colcon.colcon_core.package_identification:_identify(src) by extensions ['colcon_meta']
[1.133s] Level 1:colcon.colcon_core.package_identification:_identify(src) by extension 'colcon_meta'
[1.133s] Level 1:colcon.colcon_core.package_identification:_identify(src) by extensions ['ros']
[1.133s] Level 1:colcon.colcon_core.package_identification:_identify(src) by extension 'ros'
[1.134s] Level 1:colcon.colcon_core.package_identification:_identify(src) by extensions ['cmake', 'python']
[1.134s] Level 1:colcon.colcon_core.package_identification:_identify(src) by extension 'cmake'
[1.134s] Level 1:colcon.colcon_core.package_identification:_identify(src) by extension 'python'
[1.134s] Level 1:colcon.colcon_core.package_identification:_identify(src) by extensions ['python_setup_py']
[1.134s] Level 1:colcon.colcon_core.package_identification:_identify(src) by extension 'python_setup_py'
[1.135s] Level 1:colcon.colcon_core.package_identification:_identify(src/controller) by extensions ['ignore', 'ignore_ament_install']
[1.135s] Level 1:colcon.colcon_core.package_identification:_identify(src/controller) by extension 'ignore'
[1.135s] Level 1:colcon.colcon_core.package_identification:_identify(src/controller) by extension 'ignore_ament_install'
[1.137s] Level 1:colcon.colcon_core.package_identification:_identify(src/controller) by extensions ['colcon_pkg']
[1.137s] Level 1:colcon.colcon_core.package_identification:_identify(src/controller) by extension 'colcon_pkg'
[1.137s] Level 1:colcon.colcon_core.package_identification:_identify(src/controller) by extensions ['colcon_meta']
[1.137s] Level 1:colcon.colcon_core.package_identification:_identify(src/controller) by extension 'colcon_meta'
[1.137s] Level 1:colcon.colcon_core.package_identification:_identify(src/controller) by extensions ['ros']
[1.138s] Level 1:colcon.colcon_core.package_identification:_identify(src/controller) by extension 'ros'
[1.145s] DEBUG:colcon.colcon_core.package_identification:Package 'src/controller' with type 'ros.ament_python' and name 'controller'
[1.145s] Level 1:colcon.colcon_core.package_discovery:discover_packages(recursive) using defaults
[1.145s] Level 1:colcon.colcon_core.package_discovery:discover_packages(ignore) discover
[1.145s] Level 1:colcon.colcon_core.package_discovery:discover_packages(ignore) using defaults
[1.145s] Level 1:colcon.colcon_core.package_discovery:discover_packages(path) discover
[1.146s] Level 1:colcon.colcon_core.package_discovery:discover_packages(path) using defaults
[1.217s] Level 1:colcon.colcon_core.package_discovery:discover_packages(prefix_path) check parameters
[1.218s] Level 1:colcon.colcon_core.package_discovery:discover_packages(prefix_path) discover
[1.236s] DEBUG:colcon.colcon_installed_package_information.package_discovery:Found 0 installed packages in /home/w1dow/inferno/software/task1/ros_ws2/install
[1.242s] DEBUG:colcon.colcon_installed_package_information.package_discovery:Found 22 installed packages in /home/w1dow/inferno/software/task1/ros_ws/install
[1.255s] DEBUG:colcon.colcon_installed_package_information.package_discovery:Found 324 installed packages in /opt/ros/humble
[1.310s] Level 1:colcon.colcon_core.package_discovery:discover_packages(prefix_path) using defaults
[1.501s] Level 5:colcon.colcon_core.verb:set package 'controller' build argument 'cmake_args' from command line to 'None'
[1.502s] Level 5:colcon.colcon_core.verb:set package 'controller' build argument 'cmake_target' from command line to 'None'
[1.502s] Level 5:colcon.colcon_core.verb:set package 'controller' build argument 'cmake_target_skip_unavailable' from command line to 'False'
[1.502s] Level 5:colcon.colcon_core.verb:set package 'controller' build argument 'cmake_clean_cache' from command line to 'False'
[1.502s] Level 5:colcon.colcon_core.verb:set package 'controller' build argument 'cmake_clean_first' from command line to 'False'
[1.502s] Level 5:colcon.colcon_core.verb:set package 'controller' build argument 'cmake_force_configure' from command line to 'False'
[1.502s] Level 5:colcon.colcon_core.verb:set package 'controller' build argument 'ament_cmake_args' from command line to 'None'
[1.502s] Level 5:colcon.colcon_core.verb:set package 'controller' build argument 'catkin_cmake_args' from command line to 'None'
[1.503s] Level 5:colcon.colcon_core.verb:set package 'controller' build argument 'catkin_skip_building_tests' from command line to 'False'
[1.503s] DEBUG:colcon.colcon_core.verb:Building package 'controller' with the following arguments: {'ament_cmake_args': None, 'build_base': '/home/w1dow/inferno/software/task1/ros_ws2/build/controller', 'catkin_cmake_args': None, 'catkin_skip_building_tests': False, 'cmake_args': None, 'cmake_clean_cache': False, 'cmake_clean_first': False, 'cmake_force_configure': False, 'cmake_target': None, 'cmake_target_skip_unavailable': False, 'install_base': '/home/w1dow/inferno/software/task1/ros_ws2/install/controller', 'merge_install': False, 'path': '/home/w1dow/inferno/software/task1/ros_ws2/src/controller', 'symlink_install': False, 'test_result_base': None}
[1.503s] INFO:colcon.colcon_core.executor:Executing jobs using 'parallel' executor
[1.506s] DEBUG:colcon.colcon_parallel_executor.executor.parallel:run_until_complete
[1.507s] INFO:colcon.colcon_ros.task.ament_python.build:Building ROS package in '/home/w1dow/inferno/software/task1/ros_ws2/src/controller' with build type 'ament_python'
[1.508s] Level 1:colcon.colcon_core.shell:create_environment_hook('controller', 'ament_prefix_path')
[1.520s] INFO:colcon.colcon_core.plugin_system:Skipping extension 'colcon_core.shell.bat': Not used on non-Windows systems
[1.521s] INFO:colcon.colcon_core.shell:Creating environment hook '/home/w1dow/inferno/software/task1/ros_ws2/install/controller/share/controller/hook/ament_prefix_path.ps1'
[1.522s] INFO:colcon.colcon_core.shell:Creating environment descriptor '/home/w1dow/inferno/software/task1/ros_ws2/install/controller/share/controller/hook/ament_prefix_path.dsv'
[1.524s] INFO:colcon.colcon_core.shell:Creating environment hook '/home/w1dow/inferno/software/task1/ros_ws2/install/controller/share/controller/hook/ament_prefix_path.sh'
[1.525s] INFO:colcon.colcon_core.shell:Skip shell extension 'powershell' for command environment: Not usable outside of PowerShell
[1.525s] DEBUG:colcon.colcon_core.shell:Skip shell extension 'dsv' for command environment
[2.640s] INFO:colcon.colcon_core.task.python.build:Building Python package in '/home/w1dow/inferno/software/task1/ros_ws2/src/controller'
[2.641s] INFO:colcon.colcon_core.shell:Skip shell extension 'powershell' for command environment: Not usable outside of PowerShell
[2.641s] DEBUG:colcon.colcon_core.shell:Skip shell extension 'dsv' for command environment
[4.163s] DEBUG:colcon.colcon_core.event_handler.log_command:Invoking command in '/home/w1dow/inferno/software/task1/ros_ws2/src/controller': PYTHONPATH=/home/w1dow/inferno/software/task1/ros_ws2/build/controller/prefix_override:/usr/lib/python3/dist-packages/colcon_core/task/python/colcon_distutils_commands:/home/w1dow/inferno/software/task1/ros_ws2/install/controller/lib/python3.10/site-packages:${PYTHONPATH} /usr/bin/python3 -W ignore:setup.py install is deprecated -W ignore:easy_install command is deprecated setup.py egg_info --egg-base ../../build/controller build --build-base /home/w1dow/inferno/software/task1/ros_ws2/build/controller/build install --record /home/w1dow/inferno/software/task1/ros_ws2/build/controller/install.log --single-version-externally-managed install_data
[5.339s] DEBUG:colcon.colcon_core.event_handler.log_command:Invoked command in '/home/w1dow/inferno/software/task1/ros_ws2/src/controller' returned '0': PYTHONPATH=/home/w1dow/inferno/software/task1/ros_ws2/build/controller/prefix_override:/usr/lib/python3/dist-packages/colcon_core/task/python/colcon_distutils_commands:/home/w1dow/inferno/software/task1/ros_ws2/install/controller/lib/python3.10/site-packages:${PYTHONPATH} /usr/bin/python3 -W ignore:setup.py install is deprecated -W ignore:easy_install command is deprecated setup.py egg_info --egg-base ../../build/controller build --build-base /home/w1dow/inferno/software/task1/ros_ws2/build/controller/build install --record /home/w1dow/inferno/software/task1/ros_ws2/build/controller/install.log --single-version-externally-managed install_data
[5.350s] Level 1:colcon.colcon_core.environment:checking '/home/w1dow/inferno/software/task1/ros_ws2/install/controller' for CMake module files
[5.351s] Level 1:colcon.colcon_core.environment:checking '/home/w1dow/inferno/software/task1/ros_ws2/install/controller' for CMake config files
[5.355s] Level 1:colcon.colcon_core.environment:checking '/home/w1dow/inferno/software/task1/ros_ws2/install/controller/lib'
[5.355s] Level 1:colcon.colcon_core.environment:checking '/home/w1dow/inferno/software/task1/ros_ws2/install/controller/bin'
[5.356s] Level 1:colcon.colcon_core.environment:checking '/home/w1dow/inferno/software/task1/ros_ws2/install/controller/lib/pkgconfig/controller.pc'
[5.356s] Level 1:colcon.colcon_core.environment:checking '/home/w1dow/inferno/software/task1/ros_ws2/install/controller/lib/python3.10/site-packages'
[5.357s] Level 1:colcon.colcon_core.shell:create_environment_hook('controller', 'pythonpath')
[5.357s] INFO:colcon.colcon_core.shell:Creating environment hook '/home/w1dow/inferno/software/task1/ros_ws2/install/controller/share/controller/hook/pythonpath.ps1'
[5.361s] INFO:colcon.colcon_core.shell:Creating environment descriptor '/home/w1dow/inferno/software/task1/ros_ws2/install/controller/share/controller/hook/pythonpath.dsv'
[5.362s] INFO:colcon.colcon_core.shell:Creating environment hook '/home/w1dow/inferno/software/task1/ros_ws2/install/controller/share/controller/hook/pythonpath.sh'
[5.364s] Level 1:colcon.colcon_core.environment:checking '/home/w1dow/inferno/software/task1/ros_ws2/install/controller/bin'
[5.365s] Level 1:colcon.colcon_core.environment:create_environment_scripts_only(controller)
[5.366s] INFO:colcon.colcon_core.shell:Creating package script '/home/w1dow/inferno/software/task1/ros_ws2/install/controller/share/controller/package.ps1'
[5.372s] INFO:colcon.colcon_core.shell:Creating package descriptor '/home/w1dow/inferno/software/task1/ros_ws2/install/controller/share/controller/package.dsv'
[5.373s] INFO:colcon.colcon_core.shell:Creating package script '/home/w1dow/inferno/software/task1/ros_ws2/install/controller/share/controller/package.sh'
[5.375s] INFO:colcon.colcon_core.shell:Creating package script '/home/w1dow/inferno/software/task1/ros_ws2/install/controller/share/controller/package.bash'
[5.377s] INFO:colcon.colcon_core.shell:Creating package script '/home/w1dow/inferno/software/task1/ros_ws2/install/controller/share/controller/package.zsh'
[5.378s] Level 1:colcon.colcon_core.environment:create_file_with_runtime_dependencies(/home/w1dow/inferno/software/task1/ros_ws2/install/controller/share/colcon-core/packages/controller)
[5.379s] DEBUG:colcon.colcon_parallel_executor.executor.parallel:closing loop
[5.382s] DEBUG:colcon.colcon_parallel_executor.executor.parallel:loop closed
[5.382s] DEBUG:colcon.colcon_parallel_executor.executor.parallel:run_until_complete finished with '0'
[5.382s] DEBUG:colcon.colcon_core.event_reactor:joining thread
[5.419s] INFO:colcon.colcon_core.plugin_system:Skipping extension 'colcon_notification.desktop_notification.terminal_notifier': Not used on non-Darwin systems
[5.419s] INFO:colcon.colcon_core.plugin_system:Skipping extension 'colcon_notification.desktop_notification.win32': Not used on non-Windows systems
[5.419s] INFO:colcon.colcon_notification.desktop_notification:Sending desktop notification using 'notify2'
[5.521s] DEBUG:colcon.colcon_core.event_reactor:joined thread
[5.522s] INFO:colcon.colcon_core.shell:Creating prefix script '/home/w1dow/inferno/software/task1/ros_ws2/install/local_setup.ps1'
[5.524s] INFO:colcon.colcon_core.shell:Creating prefix util module '/home/w1dow/inferno/software/task1/ros_ws2/install/_local_setup_util_ps1.py'
[5.527s] INFO:colcon.colcon_core.shell:Creating prefix chain script '/home/w1dow/inferno/software/task1/ros_ws2/install/setup.ps1'
[5.545s] INFO:colcon.colcon_core.shell:Creating prefix script '/home/w1dow/inferno/software/task1/ros_ws2/install/local_setup.sh'
[5.547s] INFO:colcon.colcon_core.shell:Creating prefix util module '/home/w1dow/inferno/software/task1/ros_ws2/install/_local_setup_util_sh.py'
[5.549s] INFO:colcon.colcon_core.shell:Creating prefix chain script '/home/w1dow/inferno/software/task1/ros_ws2/install/setup.sh'
[5.569s] INFO:colcon.colcon_core.shell:Creating prefix script '/home/w1dow/inferno/software/task1/ros_ws2/install/local_setup.bash'
[5.573s] INFO:colcon.colcon_core.shell:Creating prefix chain script '/home/w1dow/inferno/software/task1/ros_ws2/install/setup.bash'
[5.589s] INFO:colcon.colcon_core.shell:Creating prefix script '/home/w1dow/inferno/software/task1/ros_ws2/install/local_setup.zsh'
[5.592s] INFO:colcon.colcon_core.shell:Creating prefix chain script '/home/w1dow/inferno/software/task1/ros_ws2/install/setup.zsh'
