[1.326s] Invoking command in '/home/w1dow/inferno/software/task1/ros_ws2/build/controller': PYTHONPATH=/home/w1dow/inferno/software/task1/ros_ws2/build/controller/prefix_override:/usr/lib/python3/dist-packages/colcon_core/task/python/colcon_distutils_commands:/home/w1dow/inferno/software/task1/ros_ws2/install/controller/lib/python3.10/site-packages:${PYTHONPATH} /usr/bin/python3 -W ignore:setup.py install is deprecated -W ignore:easy_install command is deprecated setup.py develop --editable --build-directory /home/w1dow/inferno/software/task1/ros_ws2/build/controller/build --no-deps symlink_data
[1.803s] running develop
[2.089s] running egg_info
[2.090s] writing controller.egg-info/PKG-INFO
[2.090s] writing dependency_links to controller.egg-info/dependency_links.txt
[2.090s] writing entry points to controller.egg-info/entry_points.txt
[2.090s] writing requirements to controller.egg-info/requires.txt
[2.090s] writing top-level names to controller.egg-info/top_level.txt
[2.095s] reading manifest file 'controller.egg-info/SOURCES.txt'
[2.100s] writing manifest file 'controller.egg-info/SOURCES.txt'
[2.100s] running build_ext
[2.100s] Creating /home/w1dow/inferno/software/task1/ros_ws2/install/controller/lib/python3.10/site-packages/controller.egg-link (link to .)
[2.100s] Installing circle script to /home/w1dow/inferno/software/task1/ros_ws2/install/controller/lib/controller
[2.102s] Installing controller script to /home/w1dow/inferno/software/task1/ros_ws2/install/controller/lib/controller
[2.102s] Installing getdata script to /home/w1dow/inferno/software/task1/ros_ws2/install/controller/lib/controller
[2.102s] Installing test_node script to /home/w1dow/inferno/software/task1/ros_ws2/install/controller/lib/controller
[2.102s] 
[2.102s] Installed /home/w1dow/inferno/software/task1/ros_ws2/build/controller
[2.102s] running symlink_data
[2.158s] Invoked command in '/home/w1dow/inferno/software/task1/ros_ws2/build/controller' returned '0': PYTHONPATH=/home/w1dow/inferno/software/task1/ros_ws2/build/controller/prefix_override:/usr/lib/python3/dist-packages/colcon_core/task/python/colcon_distutils_commands:/home/w1dow/inferno/software/task1/ros_ws2/install/controller/lib/python3.10/site-packages:${PYTHONPATH} /usr/bin/python3 -W ignore:setup.py install is deprecated -W ignore:easy_install command is deprecated setup.py develop --editable --build-directory /home/w1dow/inferno/software/task1/ros_ws2/build/controller/build --no-deps symlink_data
